<?xml version="1.0" encoding="UTF-8"?>
<testng-results ignored="0" total="1" passed="1" failed="0" skipped="0">
  <reporter-output>
  </reporter-output>
  <suite started-at="2023-03-30T13:57:27 IST" name="Surefire suite" finished-at="2023-03-30T13:57:28 IST" duration-ms="605">
    <groups>
    </groups>
    <test started-at="2023-03-30T13:57:27 IST" name="Surefire test" finished-at="2023-03-30T13:57:28 IST" duration-ms="605">
      <class name="maven.AppTest">
        <test-method signature="shouldAnswerWithTrue()" started-at="2023-03-30T13:57:28 IST" name="shouldAnswerWithTrue" finished-at="2023-03-30T13:57:28 IST" duration-ms="50" status="PASS">
          <reporter-output>
          </reporter-output>
        </test-method> <!-- shouldAnswerWithTrue -->
      </class> <!-- maven.AppTest -->
    </test> <!-- Surefire test -->
  </suite> <!-- Surefire suite -->
</testng-results>
